<?xml version="1.0" encoding="UTF-8"?>
<!-- Generated by org.testng.reporters.JUnitXMLReporter -->
<testsuite hostname="thiru-PC" ignored="0" name="Default test" tests="2" failures="0" timestamp="30 Sep 2018 05:00:56 GMT" time="51.724" errors="0">
  <testcase name="feature" time="44.114" classname="com.rbs.onlineshopping.ui.testrunner.OnlineShoppingUIRunner"/>
  <testcase name="feature" time="4.727" classname="com.rbs.onlineshopping.ui.testrunner.OnlineShoppingUIRunner"/>
</testsuite> <!-- Default test -->
