<?xml version="1.0" encoding="UTF-8"?>
<testng-results skipped="0" failed="0" ignored="0" total="2" passed="2">
  <reporter-output>
  </reporter-output>
  <suite name="Default suite" duration-ms="51724" started-at="2018-09-30T05:00:04Z" finished-at="2018-09-30T05:00:56Z">
    <groups>
      <group name="cucumber">
        <method signature="OnlineShoppingUIRunner.feature(cucumber.api.testng.CucumberFeatureWrapper)[pri:0, instance:com.rbs.onlineshopping.ui.testrunner.OnlineShoppingUIRunner@51e2adc7]" name="feature" class="com.rbs.onlineshopping.ui.testrunner.OnlineShoppingUIRunner"/>
      </group> <!-- cucumber -->
    </groups>
    <test name="Default test" duration-ms="51724" started-at="2018-09-30T05:00:04Z" finished-at="2018-09-30T05:00:56Z">
      <class name="com.rbs.onlineshopping.ui.testrunner.OnlineShoppingUIRunner">
        <test-method status="PASS" signature="setUpClass()[pri:0, instance:com.rbs.onlineshopping.ui.testrunner.OnlineShoppingUIRunner@51e2adc7]" name="setUpClass" is-config="true" duration-ms="1155" started-at="2018-09-30T10:30:04Z" finished-at="2018-09-30T10:30:06Z">
          <reporter-output>
          </reporter-output>
        </test-method> <!-- setUpClass -->
        <test-method status="PASS" signature="feature(cucumber.api.testng.CucumberFeatureWrapper)[pri:0, instance:com.rbs.onlineshopping.ui.testrunner.OnlineShoppingUIRunner@51e2adc7]" name="feature" duration-ms="44114" started-at="2018-09-30T10:30:06Z" description="Runs Cucumber Feature" data-provider="features" finished-at="2018-09-30T10:30:50Z">
          <params>
            <param index="0">
              <value>
                <![CDATA[Order T-Shirt]]>
              </value>
            </param>
          </params>
          <reporter-output>
          </reporter-output>
        </test-method> <!-- feature -->
        <test-method status="PASS" signature="feature(cucumber.api.testng.CucumberFeatureWrapper)[pri:0, instance:com.rbs.onlineshopping.ui.testrunner.OnlineShoppingUIRunner@51e2adc7]" name="feature" duration-ms="4727" started-at="2018-09-30T10:30:50Z" description="Runs Cucumber Feature" data-provider="features" finished-at="2018-09-30T10:30:55Z">
          <params>
            <param index="0">
              <value>
                <![CDATA[Pesonal Information]]>
              </value>
            </param>
          </params>
          <reporter-output>
          </reporter-output>
        </test-method> <!-- feature -->
        <test-method status="PASS" signature="tearDownClass()[pri:0, instance:com.rbs.onlineshopping.ui.testrunner.OnlineShoppingUIRunner@51e2adc7]" name="tearDownClass" is-config="true" duration-ms="1427" started-at="2018-09-30T10:30:55Z" finished-at="2018-09-30T10:30:56Z">
          <reporter-output>
          </reporter-output>
        </test-method> <!-- tearDownClass -->
      </class> <!-- com.rbs.onlineshopping.ui.testrunner.OnlineShoppingUIRunner -->
    </test> <!-- Default test -->
  </suite> <!-- Default suite -->
</testng-results>
